<?xml version="1.0" encoding="UTF-8"?>
<testsuite name="com.examle.ilcarro.qa.tests.LogoutTest" tests="1" skipped="1" failures="0" errors="0" timestamp="2021-02-06T13:31:18" hostname="ASUS-VIVOBOOK" time="0.0">
  <properties/>
  <testcase name="logoutTest" classname="com.examle.ilcarro.qa.tests.LogoutTest" time="0.0">
    <skipped/>
  </testcase>
  <system-out><![CDATA[14:31:18 INFO  - Stop test logoutTest
************************************************
]]></system-out>
  <system-err><![CDATA[]]></system-err>
</testsuite>
